<?xml version="1.0" encoding="UTF-8"?>
<testsuite xmlns:xsi="http://www.w3.org/2001/XMLSchema-instance" xsi:noNamespaceSchemaLocation="https://maven.apache.org/surefire/maven-surefire-plugin/xsd/surefire-test-report.xsd" version="3.0.1" name="testrunner.Testrunner" time="1.342" tests="1" errors="0" skipped="0" failures="0">
  <properties>
[...]
</properties>
  <testcase name="login with invalid cred" classname="login functionality" time="0.166">
    <system-out><![CDATA[
@Fisrt @second
Scenario: login with invalid cred # features/login.feature:11
printing: navigated to login page
  Given go to url and launch      # stepdefinition.loginsteps.go_to_url_and_launch()
printing:entered username and password
  When login with valid cred      # stepdefinition.loginsteps.login_with_valid_cred()
printing:navigate to home page
  Then navigated to home page     # stepdefinition.loginsteps.navigated_to_home_page()
]]></system-out>
  </testcase>
</testsuite>